Using pre-set license
Built from '2020.2/release' branch; Version is '2020.2.0f1 (3721df5a8b28) revision 3613151'; Using compiler version '192528614'; Build Type 'Release'
OS: 'Windows 10  (10.0.0) 64bit' Language: 'pt' Physical Memory: 3967 MB
BatchMode: 1, IsHumanControllingUs: 0, StartBugReporterOnCrash: 0, Is64bit: 1, IsPro: 0

 COMMAND LINE ARGUMENTS:
C:\Program Files\Unity\Hub\Editor\2020.2.0f1\Editor\Unity.exe
-adb2
-batchMode
-noUpm
-name
AssetImportWorker11
-projectPath
C:/Users/x/Desktop/I.A/Atividade I.A
-logFile
Logs/AssetImportWorker11.log
-srvPort
51087
Successfully changed project path to: C:/Users/x/Desktop/I.A/Atividade I.A
C:/Users/x/Desktop/I.A/Atividade I.A
Using Asset Import Pipeline V2.
Refreshing native plugins compatible for Editor in 25.01 ms, found 0 plugins.
Preloading 0 native plugins for Editor in 0.00 ms.
Initialize engine version: 2020.2.0f1 (3721df5a8b28)
[Subsystems] Discovering subsystems at path C:/Program Files/Unity/Hub/Editor/2020.2.0f1/Editor/Data/Resources/UnitySubsystems
[Subsystems] Discovering subsystems at path C:/Users/x/Desktop/I.A/Atividade I.A/Assets
GfxDevice: creating device client; threaded=0
Direct3D:
    Version:  Direct3D 11.0 [level 11.1]
    Renderer: Intel(R) HD Graphics 4400 (ID=0x41e)
    Vendor:   
    VRAM:     1983 MB
    Driver:   20.19.15.4835
d3d11: failed to create 2D texture id=11 width=4 height=4 mips=1 dxgifmt=28 [D3D error was 887a0005]

d3d11: failed to create 2D texture shader resource view id=11 [D3D error was 80070057]

d3d11: Failed to create 2D texture in GfxDeviceD3D11

d3d11: failed to create 2D texture id=13 width=4 height=4 mips=1 dxgifmt=28 [D3D error was 887a0005]

d3d11: failed to create 2D texture shader resource view id=13 [D3D error was 80070057]

d3d11: Failed to create 2D texture in GfxDeviceD3D11

d3d11: failed to create 2D texture id=15 width=4 height=4 mips=1 dxgifmt=28 [D3D error was 887a0005]

d3d11: failed to create 2D texture shader resource view id=15 [D3D error was 80070057]

d3d11: Failed to create 2D texture in GfxDeviceD3D11

d3d11: failed to create 2D texture id=17 width=16 height=16 mips=1 dxgifmt=28 [D3D error was 887a0005]

d3d11: failed to create 2D texture shader resource view id=17 [D3D error was 80070057]

d3d11: Failed to create 2D texture in GfxDeviceD3D11

d3d11: failed to create 2D texture id=19 width=4 height=4 mips=3 dxgifmt=28 [D3D error was 887a0005]

d3d11: failed to create 2D texture shader resource view id=19 [D3D error was 80070057]

d3d11: Failed to create 2D texture in GfxDeviceD3D11

d3d11: failed to create 2D texture id=21 width=4 height=4 mips=1 dxgifmt=28 [D3D error was 887a0005]

d3d11: failed to create 2D texture shader resource view id=21 [D3D error was 80070057]

d3d11: Failed to create 2D texture in GfxDeviceD3D11

d3d11: failed to create 2D texture id=23 width=4 height=4 mips=1 dxgifmt=28 [D3D error was 887a0005]

d3d11: failed to create 2D texture shader resource view id=23 [D3D error was 80070057]

d3d11: Failed to create 2D texture in GfxDeviceD3D11

d3d11: failed to create 2D texture id=25 width=256 height=2 mips=1 dxgifmt=28 [D3D error was 887a0005]

d3d11: failed to create 2D texture shader resource view id=25 [D3D error was 80070057]

d3d11: Failed to create 2D texture in GfxDeviceD3D11

d3d11: failed to create 2D texture id=27 width=64 height=64 mips=1 dxgifmt=65 [D3D error was 887a0005]

d3d11: failed to create 2D texture shader resource view id=27 [D3D error was 80070057]

d3d11: Failed to create 2D texture in GfxDeviceD3D11

d3d11: failed to create 2D texture id=29 width=1024 height=1 mips=1 dxgifmt=56 [D3D error was 887a0005]

d3d11: failed to create 2D texture shader resource view id=29 [D3D error was 80070057]

d3d11: Failed to create 2D texture in GfxDeviceD3D11

d3d11: failed to create Cube texture id=31 width=1 height=1 mips=1 dxgifmt=28 [D3D error was 887a0005]

d3d11: failed to create Cube texture shader resource view id=31 [D3D error was 80070057]

failed to create cubemap

d3d11: failed to create 2D texture id=33 width=16 height=16 mips=1 dxgifmt=28 [D3D error was 887a0005]

d3d11: failed to create 2D texture shader resource view id=33 [D3D error was 80070057]

d3d11: Failed to create 2D texture in GfxDeviceD3D11

d3d11: failed to create 3D texture id=35 s=1x1x1 mips=1 d3dfmt=28 [887a0005]
d3d11: failed to create 3D texture view id=35 [80070057]
failed to create 3D texture

d3d11: failed to create 2DArray texture id=36 s=1x1x1 mips=1 d3dfmt=28 [887a0005]
d3d11: failed to create 2DArray texture view id=36 [80070057]
failed to create 2DArray texture

d3d11: failed to create cubemap array texture id=37 s=1x1x1 mips=1 d3dfmt=28 [887a0005]
d3d11: failed to create CubemapArray texture view id=37 [80070057]
failed to create CubemapArray texture

d3d11: failed to create Cube texture id=38 width=1 height=1 mips=1 dxgifmt=28 [D3D error was 887a0005]

d3d11: failed to create Cube texture shader resource view id=38 [D3D error was 80070057]

failed to create cubemap

d3d11: failed to create 2D texture id=40 width=4 height=4 mips=1 dxgifmt=65 [D3D error was 887a0005]

d3d11: failed to create 2D texture shader resource view id=40 [D3D error was 80070057]

d3d11: Failed to create 2D texture in GfxDeviceD3D11

d3d11: failed to create 3D texture id=44 s=4x4x16 mips=1 d3dfmt=65 [887a0005]
d3d11: failed to create 3D texture view id=44 [80070057]
failed to create 3D texture

d3d11: failed to create 2D texture id=42 width=4 height=64 mips=1 dxgifmt=65 [D3D error was 887a0005]

d3d11: failed to create 2D texture shader resource view id=42 [D3D error was 80070057]

d3d11: Failed to create 2D texture in GfxDeviceD3D11

d3d11: failed to create 2D texture id=45 width=256 height=64 mips=1 dxgifmt=56 [D3D error was 887a0005]

d3d11: failed to create 2D texture shader resource view id=45 [D3D error was 80070057]

d3d11: Failed to create 2D texture in GfxDeviceD3D11

Assertion failed on expression: 'SUCCEEDED(hr)'

Assertion failed on expression: 'SUCCEEDED(hr)'

Assertion failed on expression: 'SUCCEEDED(hr)'

Assertion failed on expression: 'SUCCEEDED(hr)'

Assertion failed on expression: 'SUCCEEDED(hr)'

Assertion failed on expression: 'SUCCEEDED(hr)'

Assertion failed on expression: 'SUCCEEDED(hr)'

Assertion failed on expression: 'SUCCEEDED(hr)'

Assertion failed on expression: 'SUCCEEDED(hr)'

Assertion failed on expression: 'SUCCEEDED(hr)'

Assertion failed on expression: 'SUCCEEDED(hr)'

Assertion failed on expression: 'SUCCEEDED(hr)'

Assertion failed on expression: 'SUCCEEDED(hr)'

Assertion failed on expression: 'SUCCEEDED(hr)'

Assertion failed on expression: 'SUCCEEDED(hr)'

Assertion failed on expression: 'SUCCEEDED(hr)'

d3d11: failed to create 2D texture id=47 width=128 height=128 mips=8 dxgifmt=65 [D3D error was 887a0005]

d3d11: failed to create 2D texture shader resource view id=47 [D3D error was 80070057]

d3d11: Failed to create 2D texture in GfxDeviceD3D11

Initialize mono
Mono path[0] = 'C:/Program Files/Unity/Hub/Editor/2020.2.0f1/Editor/Data/Managed'
Mono path[1] = 'C:/Program Files/Unity/Hub/Editor/2020.2.0f1/Editor/Data/MonoBleedingEdge/lib/mono/unityjit'
Mono config path = 'C:/Program Files/Unity/Hub/Editor/2020.2.0f1/Editor/Data/MonoBleedingEdge/etc'
Using monoOptions --debugger-agent=transport=dt_socket,embedding=1,server=y,suspend=n,address=127.0.0.1:56300
Received signal SIGSEGV
Stack trace:
0x00007ff741f5df47 (Unity) 
0x00007ff741f52f24 (Unity) 
0x00007ff741f3a5a5 (Unity) 
0x00007ff741f4f98c (Unity) 
0x00007ff7415bd738 (Unity) 
0x00007ff741aaaeb9 (Unity) 
0x00007ff74201111a (Unity) 
0x00007ff742e420f0 (Unity) 
0x00007ff743180805 (Unity) 
0x00007ff7414951dd (Unity) 
0x00007ff742d4d8e9 (Unity) 
0x00007ff742e07177 (Unity) 
0x00007ff742e1ce11 (Unity) 
0x00007ff7441ceda9 (Unity) 
0x00007ff7444ae84b (Unity) 
0x00007ff743b3d4ed (Unity) 
0x00007ff7444b2be2 ((<unknown>)) 
0x00007ff7462f8256 (Unity) 
0x00007ffe587a7c24 (KERNEL32) 
0x00007ffe5928d721 (ntdll) 

