Using pre-set license
Built from '2020.2/release' branch; Version is '2020.2.0f1 (3721df5a8b28) revision 3613151'; Using compiler version '192528614'; Build Type 'Release'
OS: 'Windows 10  (10.0.0) 64bit' Language: 'pt' Physical Memory: 3967 MB
BatchMode: 1, IsHumanControllingUs: 0, StartBugReporterOnCrash: 0, Is64bit: 1, IsPro: 0

 COMMAND LINE ARGUMENTS:
C:\Program Files\Unity\Hub\Editor\2020.2.0f1\Editor\Unity.exe
-adb2
-batchMode
-noUpm
-name
AssetImportWorker15
-projectPath
C:/Users/x/Desktop/I.A/Atividade I.A
-logFile
Logs/AssetImportWorker15.log
-srvPort
51087
Successfully changed project path to: C:/Users/x/Desktop/I.A/Atividade I.A
C:/Users/x/Desktop/I.A/Atividade I.A
Using Asset Import Pipeline V2.
Refreshing native plugins compatible for Editor in 25.03 ms, found 0 plugins.
Preloading 0 native plugins for Editor in 0.00 ms.
Initialize engine version: 2020.2.0f1 (3721df5a8b28)
[Subsystems] Discovering subsystems at path C:/Program Files/Unity/Hub/Editor/2020.2.0f1/Editor/Data/Resources/UnitySubsystems
[Subsystems] Discovering subsystems at path C:/Users/x/Desktop/I.A/Atividade I.A/Assets
GfxDevice: creating device client; threaded=0
received signal from system: SIGSEGV
Stack trace:
0x00007ff742fc8c8c (Unity) 
0x00007ff742fd1069 (Unity) 
0x00007ff7444a564c (Unity) 
0x00007ff742fc82f4 (Unity) 
0x00007ff74634d62a (Unity) 
0x00007ff74670a8b9 (Unity) 
0x00007ff74631b2f8 (Unity) 
0x00007ffe592c1eef (ntdll) 
0x00007ffe5928aad9 (ntdll) 
0x00007ffe592c0b5e (ntdll) 
0x00007ff741f6069a (Unity) 
0x00007ff741f5e720 (Unity) 
0x00007ff741f5df47 (Unity) 
0x00007ff741f3a5a5 (Unity) 
0x00007ff741f396cb (Unity) 
0x00007ff741d78776 (Unity) 
0x00007ff741d7d9b2 (Unity) 
0x00007ff742d9bfdd (Unity) 
0x00007ff742d9eb0e (Unity) 
0x00007ff74272d31a (Unity) 
0x00007ff743b3cf3f (Unity) 
0x00007ff7444b2be2 (Unity) 
0x00007ff7462f8256 (Unity) 
0x00007ffe587a7c24 (KERNEL32) 
0x00007ffe5928d721 (ntdll) 

Crash!!!
SymInit: Symbol-SearchPath: '.;C:\Users\x\Desktop\I.A\Atividade I.A;C:\Program Files\Unity\Hub\Editor\2020.2.0f1\Editor;C:\WINDOWS;C:\WINDOWS\system32;SRV*C:\websymbols*http://msdl.microsoft.com/download/symbols;', symOptions: 534, UserName: 'x'
OS-Version: 10.0.0

========== OUTPUTTING STACK TRACE ==================

SymInit: Symbol-SearchPath: '.;C:\Users\x\Desktop\I.A\Atividade I.A;C:\Program Files\Unity\Hub\Editor\2020.2.0f1\Editor;C:\WINDOWS;C:\WINDOWS\system32;SRV*C:\websymbols*http://msdl.microsoft.com/download/symbols;', symOptions: 534, UserName: 'x'
OS-Version: 10.0.0
C:\Program Files\Unity\Hub\Editor\2020.2.0f1\Editor\Unity.exe:Unity.exe (00007FF7412D0000), size: 134107136 (result: -529697949), SymType: '-deferred-', PDB: '', fileVersion: 2020.2.0.8671
  ERROR: LoadModule, GetLastError: 'Unknown error [-529697949]' (Address: 0000000000000000)
: (00007FFE59220000), size: 2031616 (result: 0), SymType: '-nosymbols-', PDB: 'C:\WINDOWS\SYSTEM32\ntdll.dll'
: (00007FFE58790000), size: 729088 (result: 0), SymType: '-nosymbols-', PDB: 'C:\WINDOWS\System32\KERNEL32.DLL'
: (00007FFE562E0000), size: 2772992 (result: 0), SymType: '-nosymbols-', PDB: 'C:\WINDOWS\System32\KERNELBASE.dll'
C:\WINDOWS\System32\CRYPT32.dll:CRYPT32.dll (00007FFE57060000), size: 1351680 (result: 0), SymType: '-nosymbols-', PDB: 'C:\WINDOWS\System32\CRYPT32.dll', fileVersion: 10.0.18362.1377
C:\WINDOWS\System32\ucrtbase.dll:ucrtbase.dll (00007FFE56730000), size: 1024000 (result: 0), SymType: '-nosymbols-', PDB: 'C:\WINDOWS\System32\ucrtbase.dll', fileVersion: 10.0.18362.1110
C:\WINDOWS\System32\MSASN1.dll:MSASN1.dll (00007FFE56100000), size: 73728 (result: 0), SymType: '-nosymbols-', PDB: 'C:\WINDOWS\System32\MSASN1.dll', fileVersion: 10.0.18362.1
C:\WINDOWS\System32\USER32.dll:USER32.dll (00007FFE57800000), size: 1654784 (result: 0), SymType: '-nosymbols-', PDB: 'C:\WINDOWS\System32\USER32.dll', fileVersion: 10.0.18362.1316
C:\WINDOWS\System32\win32u.dll:win32u.dll (00007FFE562B0000), size: 135168 (result: 0), SymType: '-exported-', PDB: 'C:\WINDOWS\System32\win32u.dll', fileVersion: 10.0.18362.1377
C:\WINDOWS\System32\GDI32.dll:GDI32.dll (00007FFE58920000), size: 155648 (result: 0), SymType: '-nosymbols-', PDB: 'C:\WINDOWS\System32\GDI32.dll', fileVersion: 10.0.18362.1316
C:\WINDOWS\System32\gdi32full.dll:gdi32full.dll (00007FFE56590000), size: 1671168 (result: 0), SymType: '-nosymbols-', PDB: 'C:\WINDOWS\System32\gdi32full.dll', fileVersion: 10.0.18362.1316
C:\WINDOWS\System32\msvcp_win.dll:msvcp_win.dll (00007FFE571B0000), size: 647168 (result: 0), SymType: '-nosymbols-', PDB: 'C:\WINDOWS\System32\msvcp_win.dll', fileVersion: 10.0.18362.1110
C:\WINDOWS\System32\ADVAPI32.dll:ADVAPI32.dll (00007FFE58870000), size: 667648 (result: 0), SymType: '-nosymbols-', PDB: 'C:\WINDOWS\System32\ADVAPI32.dll', fileVersion: 10.0.18362.752
C:\WINDOWS\System32\msvcrt.dll:msvcrt.dll (00007FFE57630000), size: 647168 (result: 0), SymType: '-nosymbols-', PDB: 'C:\WINDOWS\System32\msvcrt.dll', fileVersion: 7.0.18362.1
C:\WINDOWS\System32\sechost.dll:sechost.dll (00007FFE58590000), size: 618496 (result: 0), SymType: '-nosymbols-', PDB: 'C:\WINDOWS\System32\sechost.dll', fileVersion: 10.0.18362.1316
C:\WINDOWS\System32\RPCRT4.dll:RPCRT4.dll (00007FFE58230000), size: 1175552 (result: 0), SymType: '-nosymbols-', PDB: 'C:\WINDOWS\System32\RPCRT4.dll', fileVersion: 10.0.18362.1316
C:\WINDOWS\System32\SHELL32.dll:SHELL32.dll (00007FFE579A0000), size: 7241728 (result: 0), SymType: '-nosymbols-', PDB: 'C:\WINDOWS\System32\SHELL32.dll', fileVersion: 10.0.18362.1350
C:\WINDOWS\System32\cfgmgr32.dll:cfgmgr32.dll (00007FFE57250000), size: 303104 (result: 0), SymType: '-nosymbols-', PDB: 'C:\WINDOWS\System32\cfgmgr32.dll', fileVersion: 10.0.18362.387
C:\WINDOWS\System32\shcore.dll:shcore.dll (00007FFE57750000), size: 684032 (result: 0), SymType: '-nosymbols-', PDB: 'C:\WINDOWS\System32\shcore.dll', fileVersion: 10.0.18362.1316
C:\WINDOWS\System32\combase.dll:combase.dll (00007FFE589B0000), size: 3371008 (result: 0), SymType: '-nosymbols-', PDB: 'C:\WINDOWS\System32\combase.dll', fileVersion: 10.0.18362.1316
C:\WINDOWS\System32\bcryptPrimitives.dll:bcryptPrimitives.dll (00007FFE56830000), size: 528384 (result: 0), SymType: '-nosymbols-', PDB: 'C:\WINDOWS\System32\bcryptPrimitives.dll', fileVersion: 10.0.18362.1237
C:\Program Files\Unity\Hub\Editor\2020.2.0f1\Editor\optix.6.0.0.dll:optix.6.0.0.dll (00007FFDC3350000), size: 208896 (result: 0), SymType: '-nosymbols-', PDB: 'C:\Program Files\Unity\Hub\Editor\2020.2.0f1\Editor\optix.6.0.0.dll', fileVersion: 6.0.0.0
C:\WINDOWS\System32\windows.storage.dll:windows.storage.dll (00007FFE568C0000), size: 7843840 (result: 0), SymType: '-nosymbols-', PDB: 'C:\WINDOWS\System32\windows.storage.dll', fileVersion: 10.0.18362.1350
C:\WINDOWS\System32\profapi.dll:profapi.dll (00007FFE56120000), size: 143360 (result: 0), SymType: '-nosymbols-', PDB: 'C:\WINDOWS\System32\profapi.dll', fileVersion: 10.0.18362.693
C:\WINDOWS\System32\powrprof.dll:powrprof.dll (00007FFE56150000), size: 303104 (result: 0), SymType: '-nosymbols-', PDB: 'C:\WINDOWS\System32\powrprof.dll', fileVersion: 10.0.18362.1
C:\WINDOWS\System32\UMPDC.dll:UMPDC.dll (00007FFE560D0000), size: 65536 (result: 0), SymType: '-nosymbols-', PDB: 'C:\WINDOWS\System32\UMPDC.dll'
C:\WINDOWS\System32\shlwapi.dll:shlwapi.dll (00007FFE58950000), size: 335872 (result: 0), SymType: '-nosymbols-', PDB: 'C:\WINDOWS\System32\shlwapi.dll', fileVersion: 10.0.18362.1316
C:\WINDOWS\System32\kernel.appcore.dll:kernel.appcore.dll (00007FFE560E0000), size: 69632 (result: 0), SymType: '-nosymbols-', PDB: 'C:\WINDOWS\System32\kernel.appcore.dll', fileVersion: 10.0.18362.1171
C:\WINDOWS\System32\cryptsp.dll:cryptsp.dll (00007FFE57040000), size: 94208 (result: 0), SymType: '-nosymbols-', PDB: 'C:\WINDOWS\System32\cryptsp.dll', fileVersion: 10.0.18362.1
C:\WINDOWS\System32\ole32.dll:ole32.dll (00007FFE58630000), size: 1404928 (result: 0), SymType: '-nosymbols-', PDB: 'C:\WINDOWS\System32\ole32.dll', fileVersion: 10.0.18362.1316
C:\WINDOWS\System32\IMM32.dll:IMM32.dll (00007FFE57450000), size: 188416 (result: 0), SymType: '-nosymbols-', PDB: 'C:\WINDOWS\System32\IMM32.dll', fileVersion: 10.0.18362.387
C:\WINDOWS\System32\SETUPAPI.dll:SETUPAPI.dll (00007FFE58D70000), size: 4653056 (result: 0), SymType: '-nosymbols-', PDB: 'C:\WINDOWS\System32\SETUPAPI.dll', fileVersion: 10.0.18362.1
C:\WINDOWS\System32\bcrypt.dll:bcrypt.dll (00007FFE572A0000), size: 155648 (result: 0), SymType: '-nosymbols-', PDB: 'C:\WINDOWS\System32\bcrypt.dll', fileVersion: 10.0.18362.1237
C:\WINDOWS\System32\WS2_32.dll:WS2_32.dll (00007FFE583E0000), size: 454656 (result: 0), SymType: '-nosymbols-', PDB: 'C:\WINDOWS\System32\WS2_32.dll', fileVersion: 10.0.18362.387
C:\WINDOWS\System32\OLEAUT32.dll:OLEAUT32.dll (00007FFE57380000), size: 806912 (result: 0), SymType: '-nosymbols-', PDB: 'C:\WINDOWS\System32\OLEAUT32.dll', fileVersion: 10.0.18362.1377
C:\Program Files\Unity\Hub\Editor\2020.2.0f1\Editor\libfbxsdk.dll:libfbxsdk.dll (00007FFDC0180000), size: 8974336 (result: 0), SymType: '-nosymbols-', PDB: 'C:\Program Files\Unity\Hub\Editor\2020.2.0f1\Editor\libfbxsdk.dll', fileVersion: 2020.0.0.0
C:\WINDOWS\System32\WINTRUST.dll:WINTRUST.dll (00007FFE56250000), size: 376832 (result: 0), SymType: '-nosymbols-', PDB: 'C:\WINDOWS\System32\WINTRUST.dll', fileVersion: 10.0.18362.1377
C:\Program Files\Unity\Hub\Editor\2020.2.0f1\Editor\umbraoptimizer64.dll:umbraoptimizer64.dll (00007FFDC2930000), size: 1306624 (result: 0), SymType: '-nosymbols-', PDB: 'C:\Program Files\Unity\Hub\Editor\2020.2.0f1\Editor\umbraoptimizer64.dll'
C:\Program Files\Unity\Hub\Editor\2020.2.0f1\Editor\ispc_texcomp.dll:ispc_texcomp.dll (00007FFDBFFF0000), size: 1609728 (result: 0), SymType: '-nosymbols-', PDB: 'C:\Program Files\Unity\Hub\Editor\2020.2.0f1\Editor\ispc_texcomp.dll'
C:\WINDOWS\System32\WLDAP32.dll:WLDAP32.dll (00007FFE58370000), size: 425984 (result: 0), SymType: '-nosymbols-', PDB: 'C:\WINDOWS\System32\WLDAP32.dll', fileVersion: 10.0.18362.449
C:\WINDOWS\System32\Normaliz.dll:Normaliz.dll (00007FFE58360000), size: 32768 (result: 0), SymType: '-nosymbols-', PDB: 'C:\WINDOWS\System32\Normaliz.dll', fileVersion: 10.0.18362.1
C:\Program Files\Unity\Hub\Editor\2020.2.0f1\Editor\WinPixEventRuntime.dll:WinPixEventRuntime.dll (00007FFE37790000), size: 45056 (result: 0), SymType: '-nosymbols-', PDB: 'C:\Program Files\Unity\Hub\Editor\2020.2.0f1\Editor\WinPixEventRuntime.dll', fileVersion: 1.0.1812.6001
C:\WINDOWS\SYSTEM32\OPENGL32.dll:OPENGL32.dll (00007FFE2A6F0000), size: 1400832 (result: 0), SymType: '-nosymbols-', PDB: 'C:\WINDOWS\SYSTEM32\OPENGL32.dll', fileVersion: 10.0.18362.387
C:\WINDOWS\SYSTEM32\GLU32.dll:GLU32.dll (00007FFE522F0000), size: 180224 (result: 0), SymType: '-nosymbols-', PDB: 'C:\WINDOWS\SYSTEM32\GLU32.dll', fileVersion: 10.0.18362.387
C:\WINDOWS\SYSTEM32\IPHLPAPI.DLL:IPHLPAPI.DLL (00007FFE55620000), size: 237568 (result: 0), SymType: '-nosymbols-', PDB: 'C:\WINDOWS\SYSTEM32\IPHLPAPI.DLL', fileVersion: 10.0.18362.1
C:\Program Files\Unity\Hub\Editor\2020.2.0f1\Editor\OpenImageDenoise.dll:OpenImageDenoise.dll (00007FFDBAAC0000), size: 43806720 (result: 0), SymType: '-nosymbols-', PDB: 'C:\Program Files\Unity\Hub\Editor\2020.2.0f1\Editor\OpenImageDenoise.dll'
C:\WINDOWS\SYSTEM32\WINHTTP.dll:WINHTTP.dll (00007FFE4A1D0000), size: 983040 (result: 0), SymType: '-nosymbols-', PDB: 'C:\WINDOWS\SYSTEM32\WINHTTP.dll', fileVersion: 10.0.18362.778
C:\WINDOWS\SYSTEM32\WINMM.dll:WINMM.dll (00007FFE53E70000), size: 147456 (result: 0), SymType: '-nosymbols-', PDB: 'C:\WINDOWS\SYSTEM32\WINMM.dll', fileVersion: 10.0.18362.1
C:\WINDOWS\SYSTEM32\HID.DLL:HID.DLL (00007FFE54CB0000), size: 57344 (result: 0), SymType: '-nosymbols-', PDB: 'C:\WINDOWS\SYSTEM32\HID.DLL', fileVersion: 10.0.18362.1
C:\Program Files\Unity\Hub\Editor\2020.2.0f1\Editor\RadeonImageFilters.dll:RadeonImageFilters.dll (00007FFDBF350000), size: 2535424 (result: 0), SymType: '-nosymbols-', PDB: 'C:\Program Files\Unity\Hub\Editor\2020.2.0f1\Editor\RadeonImageFilters.dll', fileVersion: 1.5.1.0
C:\Program Files\Unity\Hub\Editor\2020.2.0f1\Editor\FreeImage.dll:FreeImage.dll (0000000180000000), size: 6414336 (result: 0), SymType: '-nosymbols-', PDB: 'C:\Program Files\Unity\Hub\Editor\2020.2.0f1\Editor\FreeImage.dll', fileVersion: 3.18.0.0
C:\Program Files\Unity\Hub\Editor\2020.2.0f1\Editor\SketchUpAPI.dll:SketchUpAPI.dll (00007FFDBF760000), size: 8978432 (result: 0), SymType: '-nosymbols-', PDB: 'C:\Program Files\Unity\Hub\Editor\2020.2.0f1\Editor\SketchUpAPI.dll', fileVersion: 19.0.753.0
C:\WINDOWS\SYSTEM32\VERSION.dll:VERSION.dll (00007FFE485F0000), size: 40960 (result: 0), SymType: '-nosymbols-', PDB: 'C:\WINDOWS\SYSTEM32\VERSION.dll', fileVersion: 10.0.18362.1
C:\WINDOWS\SYSTEM32\VCRUNTIME140.dll:VCRUNTIME140.dll (00007FFE3C1A0000), size: 102400 (result: 0), SymType: '-nosymbols-', PDB: 'C:\WINDOWS\SYSTEM32\VCRUNTIME140.dll', fileVersion: 14.27.29114.0
C:\WINDOWS\SYSTEM32\MSVCP140.dll:MSVCP140.dll (00007FFE2A4C0000), size: 593920 (result: 0), SymType: '-nosymbols-', PDB: 'C:\WINDOWS\SYSTEM32\MSVCP140.dll', fileVersion: 14.27.29114.0
C:\WINDOWS\SYSTEM32\WSOCK32.dll:WSOCK32.dll (00007FFE45810000), size: 36864 (result: 0), SymType: '-nosymbols-', PDB: 'C:\WINDOWS\SYSTEM32\WSOCK32.dll', fileVersion: 10.0.18362.1
C:\WINDOWS\SYSTEM32\winmmbase.dll:winmmbase.dll (00007FFE53AD0000), size: 184320 (result: 0), SymType: '-nosymbols-', PDB: 'C:\WINDOWS\SYSTEM32\winmmbase.dll', fileVersion: 10.0.18362.1
C:\Program Files\Unity\Hub\Editor\2020.2.0f1\Editor\tbb.dll:tbb.dll (00007FFDC28C0000), size: 413696 (result: 0), SymType: '-nosymbols-', PDB: 'C:\Program Files\Unity\Hub\Editor\2020.2.0f1\Editor\tbb.dll', fileVersion: 2017.0.2016.1004
C:\Program Files\Unity\Hub\Editor\2020.2.0f1\Editor\SketchUpCommonPreferences.dll:SketchUpCommonPreferences.dll (00007FFDC2760000), size: 483328 (result: 0), SymType: '-nosymbols-', PDB: 'C:\Program Files\Unity\Hub\Editor\2020.2.0f1\Editor\SketchUpCommonPreferences.dll', fileVersion: 19.0.753.20342
C:\WINDOWS\SYSTEM32\CRYPTBASE.DLL:CRYPTBASE.DLL (00007FFE55AE0000), size: 49152 (result: 0), SymType: '-nosymbols-', PDB: 'C:\WINDOWS\SYSTEM32\CRYPTBASE.DLL', fileVersion: 10.0.18362.1
C:\WINDOWS\SYSTEM32\VCRUNTIME140_1.dll:VCRUNTIME140_1.dll (00007FFE41230000), size: 49152 (result: 0), SymType: '-nosymbols-', PDB: 'C:\WINDOWS\SYSTEM32\VCRUNTIME140_1.dll', fileVersion: 14.27.29114.0
C:\WINDOWS\SYSTEM32\MSVCP120.dll:MSVCP120.dll (00007FFDBF6B0000), size: 679936 (result: 0), SymType: '-nosymbols-', PDB: 'C:\WINDOWS\SYSTEM32\MSVCP120.dll', fileVersion: 12.0.40649.5
C:\WINDOWS\SYSTEM32\MSVCR120.dll:MSVCR120.dll (00007FFDBF5C0000), size: 978944 (result: 0), SymType: '-nosymbols-', PDB: 'C:\WINDOWS\SYSTEM32\MSVCR120.dll', fileVersion: 12.0.40649.5
C:\WINDOWS\SYSTEM32\Secur32.dll:Secur32.dll (00007FFE45C00000), size: 49152 (result: 0), SymType: '-nosymbols-', PDB: 'C:\WINDOWS\SYSTEM32\Secur32.dll', fileVersion: 10.0.18362.1
C:\WINDOWS\SYSTEM32\dxcore.dll:dxcore.dll (00007FFE54D10000), size: 131072 (result: 0), SymType: '-nosymbols-', PDB: 'C:\WINDOWS\SYSTEM32\dxcore.dll', fileVersion: 10.0.18362.1316
C:\WINDOWS\SYSTEM32\SSPICLI.DLL:SSPICLI.DLL (00007FFE55FB0000), size: 225280 (result: 0), SymType: '-nosymbols-', PDB: 'C:\WINDOWS\SYSTEM32\SSPICLI.DLL', fileVersion: 10.0.18362.1049
C:\Program Files\Unity\Hub\Editor\2020.2.0f1\Editor\OpenRL.dll:OpenRL.dll (00000192C4770000), size: 12779520 (result: 0), SymType: '-nosymbols-', PDB: 'C:\Program Files\Unity\Hub\Editor\2020.2.0f1\Editor\OpenRL.dll', fileVersion: 1.5.100.0
C:\Program Files\Unity\Hub\Editor\2020.2.0f1\Editor\embree.dll:embree.dll (00007FFDBE360000), size: 16711680 (result: 0), SymType: '-nosymbols-', PDB: 'C:\Program Files\Unity\Hub\Editor\2020.2.0f1\Editor\embree.dll', fileVersion: 2.14.0.0
C:\WINDOWS\SYSTEM32\MSVCP100.dll:MSVCP100.dll (00000000654E0000), size: 622592 (result: 0), SymType: '-nosymbols-', PDB: 'C:\WINDOWS\SYSTEM32\MSVCP100.dll', fileVersion: 10.0.40219.325
C:\WINDOWS\SYSTEM32\MSWSOCK.DLL:MSWSOCK.DLL (00007FFE55910000), size: 421888 (result: 0), SymType: '-nosymbols-', PDB: 'C:\WINDOWS\SYSTEM32\MSWSOCK.DLL', fileVersion: 10.0.18362.815
C:\WINDOWS\SYSTEM32\MSVCR100.dll:MSVCR100.dll (0000000065580000), size: 860160 (result: 0), SymType: '-nosymbols-', PDB: 'C:\WINDOWS\SYSTEM32\MSVCR100.dll', fileVersion: 10.0.40219.325
C:\Program Files\Unity\Hub\Editor\2020.2.0f1\Editor\OpenRL_pthread.dll:OpenRL_pthread.dll (00000192C53C0000), size: 61440 (result: 0), SymType: '-nosymbols-', PDB: 'C:\Program Files\Unity\Hub\Editor\2020.2.0f1\Editor\OpenRL_pthread.dll', fileVersion: 2.9.0.0
C:\WINDOWS\system32\uxtheme.dll:uxtheme.dll (00007FFE54360000), size: 626688 (result: 0), SymType: '-nosymbols-', PDB: 'C:\WINDOWS\system32\uxtheme.dll', fileVersion: 10.0.18362.1316
C:\WINDOWS\System32\clbcatq.dll:clbcatq.dll (00007FFE572D0000), size: 663552 (result: 0), SymType: '-nosymbols-', PDB: 'C:\WINDOWS\System32\clbcatq.dll', fileVersion: 2001.12.10941.16384
C:\WINDOWS\System32\netprofm.dll:netprofm.dll (00007FFE522B0000), size: 249856 (result: 0), SymType: '-nosymbols-', PDB: 'C:\WINDOWS\System32\netprofm.dll', fileVersion: 10.0.18362.1316
C:\WINDOWS\System32\npmproxy.dll:npmproxy.dll (00007FFE44C40000), size: 65536 (result: 0), SymType: '-nosymbols-', PDB: 'C:\WINDOWS\System32\npmproxy.dll', fileVersion: 10.0.18362.1316
C:\WINDOWS\System32\NSI.dll:NSI.dll (00007FFE58350000), size: 32768 (result: 0), SymType: '-nosymbols-', PDB: 'C:\WINDOWS\System32\NSI.dll', fileVersion: 10.0.18362.1171
C:\WINDOWS\SYSTEM32\dhcpcsvc6.DLL:dhcpcsvc6.DLL (00007FFE50360000), size: 90112 (result: 0), SymType: '-nosymbols-', PDB: 'C:\WINDOWS\SYSTEM32\dhcpcsvc6.DLL', fileVersion: 10.0.18362.1171
C:\WINDOWS\SYSTEM32\dhcpcsvc.DLL:dhcpcsvc.DLL (00007FFE50430000), size: 114688 (result: 0), SymType: '-nosymbols-', PDB: 'C:\WINDOWS\SYSTEM32\dhcpcsvc.DLL', fileVersion: 10.0.18362.1171
C:\WINDOWS\SYSTEM32\DNSAPI.dll:DNSAPI.dll (00007FFE55660000), size: 831488 (result: 0), SymType: '-nosymbols-', PDB: 'C:\WINDOWS\SYSTEM32\DNSAPI.dll', fileVersion: 10.0.18362.1316
C:\WINDOWS\System32\fwpuclnt.dll:fwpuclnt.dll (00007FFE50280000), size: 487424 (result: 0), SymType: '-nosymbols-', PDB: 'C:\WINDOWS\System32\fwpuclnt.dll', fileVersion: 10.0.18362.1110
C:\Windows\System32\rasadhlp.dll:rasadhlp.dll (00007FFE4A980000), size: 40960 (result: 0), SymType: '-nosymbols-', PDB: 'C:\Windows\System32\rasadhlp.dll', fileVersion: 10.0.18362.1
C:\WINDOWS\SYSTEM32\dbghelp.dll:dbghelp.dll (00007FFE468A0000), size: 2048000 (result: 0), SymType: '-nosymbols-', PDB: 'C:\WINDOWS\SYSTEM32\dbghelp.dll', fileVersion: 10.0.18362.1377
C:\WINDOWS\System32\psapi.dll:psapi.dll (00007FFE58450000), size: 32768 (result: 0), SymType: '-deferred-', PDB: '', fileVersion: 10.0.18362.1
  ERROR: SymGetSymFromAddr64, GetLastError: 'Unknown error [-529697949]' (Address: 00007FF742FAF738)
0x00007FF742FAF738 (Unity) (function-name not available)
  ERROR: SymGetSymFromAddr64, GetLastError: 'Unknown error [-529697949]' (Address: 00007FF742FAF851)
0x00007FF742FAF851 (Unity) (function-name not available)
  ERROR: SymGetSymFromAddr64, GetLastError: 'Unknown error [-529697949]' (Address: 00007FF742FC8457)
0x00007FF742FC8457 (Unity) (function-name not available)
  ERROR: SymGetSymFromAddr64, GetLastError: 'Unknown error [-529697949]' (Address: 00007FF74634D62A)
0x00007FF74634D62A (Unity) (function-name not available)
  ERROR: SymGetSymFromAddr64, GetLastError: 'Unknown error [-529697949]' (Address: 00007FF74670A8B9)
0x00007FF74670A8B9 (Unity) (function-name not available)
  ERROR: SymGetSymFromAddr64, GetLastError: 'Unknown error [-529697949]' (Address: 00007FF74631B2F8)
0x00007FF74631B2F8 (Unity) (function-name not available)
  ERROR: SymGetSymFromAddr64, GetLastError: 'Tentativa de acessar endereço inválido.' (Address: 00007FFE592C1EEF)
0x00007FFE592C1EEF (ntdll) (function-name not available)
  ERROR: SymGetSymFromAddr64, GetLastError: 'Tentativa de acessar endereço inválido.' (Address: 00007FFE5928AAD9)
0x00007FFE5928AAD9 (ntdll) (function-name not available)
  ERROR: SymGetSymFromAddr64, GetLastError: 'Tentativa de acessar endereço inválido.' (Address: 00007FFE592C0B5E)
0x00007FFE592C0B5E (ntdll) (function-name not available)
  ERROR: SymGetSymFromAddr64, GetLastError: 'Unknown error [-529697949]' (Address: 00007FF741F6069A)
0x00007FF741F6069A (Unity) (function-name not available)
  ERROR: SymGetSymFromAddr64, GetLastError: 'Unknown error [-529697949]' (Address: 00007FF741F5E720)
0x00007FF741F5E720 (Unity) (function-name not available)
  ERROR: SymGetSymFromAddr64, GetLastError: 'Unknown error [-529697949]' (Address: 00007FF741F5DF47)
0x00007FF741F5DF47 (Unity) (function-name not available)
  ERROR: SymGetSymFromAddr64, GetLastError: 'Unknown error [-529697949]' (Address: 00007FF741F3A5A5)
0x00007FF741F3A5A5 (Unity) (function-name not available)
  ERROR: SymGetSymFromAddr64, GetLastError: 'Unknown error [-529697949]' (Address: 00007FF741F396CB)
  ERROR: SymGetModuleInfo64, GetLastError: 'Não há recursos de memória disponíveis suficientes para processar este comando.' (Address: 00007FF741F396CB)
0x00007FF741F396CB ((<unknown>)) (function-name not available)
  ERROR: SymGetSymFromAddr64, GetLastError: 'Unknown error [-529697949]' (Address: 00007FF741D78776)
  ERROR: SymGetModuleInfo64, GetLastError: 'Não há recursos de memória disponíveis suficientes para processar este comando.' (Address: 00007FF741D78776)
0x00007FF741D78776 ((<unknown>)) (function-name not available)
  ERROR: SymGetSymFromAddr64, GetLastError: 'Unknown error [-529697949]' (Address: 00007FF741D7D9B2)
0x00007FF741D7D9B2 (Unity) (function-name not available)
  ERROR: SymGetSymFromAddr64, GetLastError: 'Não foi possível encontrar o módulo especificado.' (Address: 00007FF742D9BFDD)
0x00007FF742D9BFDD (Unity) (function-name not available)
  ERROR: SymGetSymFromAddr64, GetLastError: 'Não foi possível encontrar o módulo especificado.' (Address: 00007FF742D9EB0E)
0x00007FF742D9EB0E (Unity) (function-name not available)
  ERROR: SymGetSymFromAddr64, GetLastError: 'Unknown error [-529697949]' (Address: 00007FF74272D31A)
  ERROR: SymGetModuleInfo64, GetLastError: 'Não há recursos de memória disponíveis suficientes para processar este comando.' (Address: 00007FF74272D31A)
0x00007FF74272D31A ((<unknown>)) (function-name not available)
  ERROR: SymGetSymFromAddr64, GetLastError: 'Não foi possível encontrar o módulo especificado.' (Address: 00007FF743B3CF3F)
  ERROR: SymGetModuleInfo64, GetLastError: 'Não há recursos de memória disponíveis suficientes para processar este comando.' (Address: 00007FF743B3CF3F)
0x00007FF743B3CF3F ((<unknown>)) (function-name not available)
  ERROR: SymGetSymFromAddr64, GetLastError: 'Não foi possível encontrar o módulo especificado.' (Address: 00007FF7444B2BE2)
  ERROR: SymGetModuleInfo64, GetLastError: 'Não há recursos de memória disponíveis suficientes para processar este comando.' (Address: 00007FF7444B2BE2)
0x00007FF7444B2BE2 ((<unknown>)) (function-name not available)
  ERROR: SymGetSymFromAddr64, GetLastError: 'Não foi possível encontrar o módulo especificado.' (Address: 00007FF7462F8256)
  ERROR: SymGetModuleInfo64, GetLastError: 'Não há recursos de memória disponíveis suficientes para processar este comando.' (Address: 00007FF7462F8256)
0x00007FF7462F8256 ((<unknown>)) (function-name not available)
  ERROR: SymGetSymFromAddr64, GetLastError: 'Tentativa de acessar endereço inválido.' (Address: 00007FFE587A7C24)
  ERROR: SymGetModuleInfo64, GetLastError: 'Não há recursos de memória disponíveis suficientes para processar este comando.' (Address: 00007FFE587A7C24)
0x00007FFE587A7C24 ((<unknown>)) (function-name not available)
  ERROR: SymGetSymFromAddr64, GetLastError: 'Tentativa de acessar endereço inválido.' (Address: 00007FFE5928D721)
0x00007FFE5928D721 (ntdll) (function-name not available)

========== END OF STACKTRACE ===========

A crash has been intercepted by the crash handler. For call stack and other details, see the latest crash report generated in:
 * C:/Users/x/AppData/Local/Temp/Unity/Editor/Crashes
