Using pre-set license
Built from '2020.2/release' branch; Version is '2020.2.0f1 (3721df5a8b28) revision 3613151'; Using compiler version '192528614'; Build Type 'Release'
OS: 'Windows 10  (10.0.0) 64bit' Language: 'pt' Physical Memory: 3967 MB
BatchMode: 1, IsHumanControllingUs: 0, StartBugReporterOnCrash: 0, Is64bit: 1, IsPro: 0

 COMMAND LINE ARGUMENTS:
C:\Program Files\Unity\Hub\Editor\2020.2.0f1\Editor\Unity.exe
-adb2
-batchMode
-noUpm
-name
AssetImportWorker4
-projectPath
C:/Users/x/Desktop/I.A/Atividade I.A
-logFile
Logs/AssetImportWorker4.log
-srvPort
51087
Successfully changed project path to: C:/Users/x/Desktop/I.A/Atividade I.A
C:/Users/x/Desktop/I.A/Atividade I.A
Using Asset Import Pipeline V2.
Refreshing native plugins compatible for Editor in 24.40 ms, found 0 plugins.
Preloading 0 native plugins for Editor in 0.00 ms.
Initialize engine version: 2020.2.0f1 (3721df5a8b28)
[Subsystems] Discovering subsystems at path C:/Program Files/Unity/Hub/Editor/2020.2.0f1/Editor/Data/Resources/UnitySubsystems
[Subsystems] Discovering subsystems at path C:/Users/x/Desktop/I.A/Atividade I.A/Assets
GfxDevice: creating device client; threaded=0
Direct3D:
    Version:  Direct3D 11.0 [level 11.1]
    Renderer: Intel(R) HD Graphics 4400 (ID=0x41e)
    Vendor:   
    VRAM:     1983 MB
    Driver:   20.19.15.4835
Initialize mono
Mono path[0] = 'C:/Program Files/Unity/Hub/Editor/2020.2.0f1/Editor/Data/Managed'
Mono path[1] = 'C:/Program Files/Unity/Hub/Editor/2020.2.0f1/Editor/Data/MonoBleedingEdge/lib/mono/unityjit'
Mono config path = 'C:/Program Files/Unity/Hub/Editor/2020.2.0f1/Editor/Data/MonoBleedingEdge/etc'
Using monoOptions --debugger-agent=transport=dt_socket,embedding=1,server=y,suspend=n,address=127.0.0.1:56132
Received signal SIGSEGV
Stack trace:
0x00007ff741f5df47 (Unity) 
0x00007ff741f52f24 (Unity) 
0x00007ff741f3a5a5 (Unity) 
0x00007ff741f4f98c (Unity) 
0x00007ff7415bd738 (Unity) 
0x00007ff741aaaeb9 (Unity) 
0x00007ff74201111a (Unity) 
0x00007ff742e420f0 (Unity) 
0x00007ff743180805 (Unity) 
0x00007ff7414951dd (Unity) 
0x00007ff742d4d8e9 (Unity) 
0x00007ff742e07177 (Unity) 
0x00007ff742e1ce11 (Unity) 
0x00007ff7441ceda9 (Unity) 
0x00007ff7444ae84b (Unity) 
0x00007ff743b3d4ed (Unity) 
0x00007ff7444b2be2 (Unity) 
0x00007ff7462f8256 (Unity) 
0x00007ffe587a7c24 (KERNEL32) BaseThreadInitThunk
0x00007ffe5928d721 (ntdll) 

