Using pre-set license
Built from '2020.2/release' branch; Version is '2020.2.0f1 (3721df5a8b28) revision 3613151'; Using compiler version '192528614'; Build Type 'Release'
OS: 'Windows 10  (10.0.0) 64bit' Language: 'pt' Physical Memory: 3967 MB
BatchMode: 1, IsHumanControllingUs: 0, StartBugReporterOnCrash: 0, Is64bit: 1, IsPro: 0

 COMMAND LINE ARGUMENTS:
C:\Program Files\Unity\Hub\Editor\2020.2.0f1\Editor\Unity.exe
-adb2
-batchMode
-noUpm
-name
AssetImportWorker27
-projectPath
C:/Users/x/Desktop/I.A/Atividade I.A
-logFile
Logs/AssetImportWorker27.log
-srvPort
51321
Successfully changed project path to: C:/Users/x/Desktop/I.A/Atividade I.A
C:/Users/x/Desktop/I.A/Atividade I.A
Using Asset Import Pipeline V2.
Refreshing native plugins compatible for Editor in 24.91 ms, found 0 plugins.
Preloading 0 native plugins for Editor in 0.00 ms.
Initialize engine version: 2020.2.0f1 (3721df5a8b28)
[Subsystems] Discovering subsystems at path C:/Program Files/Unity/Hub/Editor/2020.2.0f1/Editor/Data/Resources/UnitySubsystems
[Subsystems] Discovering subsystems at path C:/Users/x/Desktop/I.A/Atividade I.A/Assets
GfxDevice: creating device client; threaded=0
Direct3D:
    Version:  Direct3D 11.0 [level 11.1]
    Renderer: Intel(R) HD Graphics 4400 (ID=0x41e)
    Vendor:   
    VRAM:     1983 MB
    Driver:   20.19.15.4835
Initialize mono
Mono path[0] = 'C:/Program Files/Unity/Hub/Editor/2020.2.0f1/Editor/Data/Managed'
Mono path[1] = 'C:/Program Files/Unity/Hub/Editor/2020.2.0f1/Editor/Data/MonoBleedingEdge/lib/mono/unityjit'
Mono config path = 'C:/Program Files/Unity/Hub/Editor/2020.2.0f1/Editor/Data/MonoBleedingEdge/etc'
Using monoOptions --debugger-agent=transport=dt_socket,embedding=1,server=y,suspend=n,address=127.0.0.1:56100
Begin MonoManager ReloadAssembly
Registering precompiled unity dll's ...
Register platform support module: C:/Program Files/Unity/Hub/Editor/2020.2.0f1/Editor/Data/PlaybackEngines/WindowsStandaloneSupport/UnityEditor.WindowsStandalone.Extensions.dll
Registered in 0.001901 seconds.
Native extension for WindowsStandalone target not found
Refreshing native plugins compatible for Editor in 24.07 ms, found 0 plugins.
Preloading 0 native plugins for Editor in 0.00 ms.
Invoked RoslynAnalysisRunner static constructor.
RoslynAnalysisRunner will not be running.
RoslynAnalysisRunner has terminated.
Mono: successfully reloaded assembly
- Completed reload, in  2.310 seconds
Platform modules already initialized, skipping
Registering precompiled user dll's ...
Registered in 0.000784 seconds.
Begin MonoManager ReloadAssembly
Native extension for WindowsStandalone target not found
Refreshing native plugins compatible for Editor in 0.26 ms, found 0 plugins.
Preloading 0 native plugins for Editor in 0.00 ms.
Invoked RoslynAnalysisRunner static constructor.
RoslynAnalysisRunner will not be running.
RoslynAnalysisRunner has terminated.
Mono: successfully reloaded assembly
- Completed reload, in  1.383 seconds
Platform modules already initialized, skipping
========================================================================
Worker process is ready to serve import requests
Launched and connected shader compiler UnityShaderCompiler.exe after 0.61 seconds
Refreshing native plugins compatible for Editor in 0.39 ms, found 0 plugins.
Preloading 0 native plugins for Editor in 0.00 ms.
Unloading 1108 Unused Serialized files (Serialized files now loaded: 0)
System memory in use before: 58.5 MB.
System memory in use after: 58.5 MB.

Unloading 10 unused Assets to reduce memory usage. Loaded Objects now: 1549.
Total: 1318.603600 ms (FindLiveObjects: 0.140200 ms CreateObjectMapping: 0.040600 ms MarkObjects: 1224.506700 ms  DeleteObjects: 93.913600 ms)

========================================================================
Received Import Request.
  path: Assets/Script/Character.cs
  artifactKey: Guid(af2a695b075f41c4a8e62544832936f1) Importer(815301076,1909f56bfc062723c751e8b465ee728b)
Start importing Assets/Script/Character.cs using Guid(af2a695b075f41c4a8e62544832936f1) Importer(815301076,1909f56bfc062723c751e8b465ee728b)  -> (artifact id: '4e5d56f3d619103e480bdf5817a1e9a1') in 1.756983 seconds
  Import took 1.918677 seconds .

========================================================================
Received Prepare
Registering precompiled user dll's ...
Registered in 0.001440 seconds.
Begin MonoManager ReloadAssembly
Native extension for WindowsStandalone target not found
Refreshing native plugins compatible for Editor in 25.58 ms, found 0 plugins.
Preloading 0 native plugins for Editor in 0.00 ms.
Invoked RoslynAnalysisRunner static constructor.
RoslynAnalysisRunner will not be running.
RoslynAnalysisRunner has terminated.
Mono: successfully reloaded assembly
- Completed reload, in 22.982 seconds
Platform modules already initialized, skipping
Refreshing native plugins compatible for Editor in 0.69 ms, found 0 plugins.
Preloading 0 native plugins for Editor in 0.00 ms.
Unloading 1090 Unused Serialized files (Serialized files now loaded: 0)
System memory in use before: 57.6 MB.
System memory in use after: 57.7 MB.

Unloading 5 unused Assets to reduce memory usage. Loaded Objects now: 1551.
Total: 60.674300 ms (FindLiveObjects: 0.314000 ms CreateObjectMapping: 0.116100 ms MarkObjects: 60.173300 ms  DeleteObjects: 0.068300 ms)

========================================================================
Received Import Request.
  Time since last request: 1162.632865 seconds.
  path: Assets/Script/Character.cs
  artifactKey: Guid(af2a695b075f41c4a8e62544832936f1) Importer(815301076,1909f56bfc062723c751e8b465ee728b)
Start importing Assets/Script/Character.cs using Guid(af2a695b075f41c4a8e62544832936f1) Importer(815301076,1909f56bfc062723c751e8b465ee728b)  -> (artifact id: '3a54ee581ea5578919033d26207b4a32') in 0.014595 seconds
  Import took 0.056602 seconds .

========================================================================
Received Prepare
Registering precompiled user dll's ...
Registered in 0.069580 seconds.
Begin MonoManager ReloadAssembly
Native extension for WindowsStandalone target not found
Refreshing native plugins compatible for Editor in 0.62 ms, found 0 plugins.
Preloading 0 native plugins for Editor in 0.00 ms.
Invoked RoslynAnalysisRunner static constructor.
RoslynAnalysisRunner will not be running.
RoslynAnalysisRunner has terminated.
Mono: successfully reloaded assembly
- Completed reload, in 15.920 seconds
Platform modules already initialized, skipping
Refreshing native plugins compatible for Editor in 0.41 ms, found 0 plugins.
Preloading 0 native plugins for Editor in 0.00 ms.
Unloading 1090 Unused Serialized files (Serialized files now loaded: 0)
System memory in use before: 57.9 MB.
System memory in use after: 57.9 MB.

Unloading 5 unused Assets to reduce memory usage. Loaded Objects now: 1553.
Total: 45.284000 ms (FindLiveObjects: 0.140500 ms CreateObjectMapping: 0.038200 ms MarkObjects: 45.024600 ms  DeleteObjects: 0.078300 ms)

========================================================================
Received Prepare
Registering precompiled user dll's ...
Registered in 0.000741 seconds.
Begin MonoManager ReloadAssembly
Native extension for WindowsStandalone target not found
Refreshing native plugins compatible for Editor in 0.25 ms, found 0 plugins.
Preloading 0 native plugins for Editor in 0.00 ms.
Invoked RoslynAnalysisRunner static constructor.
RoslynAnalysisRunner will not be running.
RoslynAnalysisRunner has terminated.
Mono: successfully reloaded assembly
- Completed reload, in  1.327 seconds
Platform modules already initialized, skipping
Refreshing native plugins compatible for Editor in 0.25 ms, found 0 plugins.
Preloading 0 native plugins for Editor in 0.00 ms.
Unloading 1090 Unused Serialized files (Serialized files now loaded: 0)
System memory in use before: 58.1 MB.
System memory in use after: 58.2 MB.

Unloading 5 unused Assets to reduce memory usage. Loaded Objects now: 1555.
Total: 4.168200 ms (FindLiveObjects: 0.653000 ms CreateObjectMapping: 0.169100 ms MarkObjects: 3.246600 ms  DeleteObjects: 0.095500 ms)

========================================================================
Received Prepare
Registering precompiled user dll's ...
Registered in 0.000741 seconds.
Begin MonoManager ReloadAssembly
Native extension for WindowsStandalone target not found
Refreshing native plugins compatible for Editor in 0.30 ms, found 0 plugins.
Preloading 0 native plugins for Editor in 0.00 ms.
Invoked RoslynAnalysisRunner static constructor.
RoslynAnalysisRunner will not be running.
RoslynAnalysisRunner has terminated.
Mono: successfully reloaded assembly
- Completed reload, in  0.986 seconds
Platform modules already initialized, skipping
Refreshing native plugins compatible for Editor in 0.55 ms, found 0 plugins.
Preloading 0 native plugins for Editor in 0.00 ms.
Unloading 1090 Unused Serialized files (Serialized files now loaded: 0)
System memory in use before: 58.2 MB.
System memory in use after: 58.3 MB.

Unloading 5 unused Assets to reduce memory usage. Loaded Objects now: 1557.
Total: 2.479300 ms (FindLiveObjects: 0.198200 ms CreateObjectMapping: 0.089600 ms MarkObjects: 2.123300 ms  DeleteObjects: 0.066400 ms)

========================================================================
Received Prepare
Registering precompiled user dll's ...
Registered in 0.002181 seconds.
Begin MonoManager ReloadAssembly
Native extension for WindowsStandalone target not found
Refreshing native plugins compatible for Editor in 0.72 ms, found 0 plugins.
Preloading 0 native plugins for Editor in 0.00 ms.
Invoked RoslynAnalysisRunner static constructor.
RoslynAnalysisRunner will not be running.
RoslynAnalysisRunner has terminated.
Mono: successfully reloaded assembly
- Completed reload, in  1.324 seconds
Platform modules already initialized, skipping
Refreshing native plugins compatible for Editor in 0.36 ms, found 0 plugins.
Preloading 0 native plugins for Editor in 0.00 ms.
Unloading 1090 Unused Serialized files (Serialized files now loaded: 0)
System memory in use before: 58.6 MB.
System memory in use after: 58.7 MB.

Unloading 5 unused Assets to reduce memory usage. Loaded Objects now: 1559.
Total: 3.289200 ms (FindLiveObjects: 0.394100 ms CreateObjectMapping: 0.177000 ms MarkObjects: 2.594900 ms  DeleteObjects: 0.120900 ms)

========================================================================
Received Prepare
Registering precompiled user dll's ...
Registered in 0.001139 seconds.
Begin MonoManager ReloadAssembly
Native extension for WindowsStandalone target not found
Refreshing native plugins compatible for Editor in 0.28 ms, found 0 plugins.
Preloading 0 native plugins for Editor in 0.00 ms.
Invoked RoslynAnalysisRunner static constructor.
RoslynAnalysisRunner will not be running.
RoslynAnalysisRunner has terminated.
Mono: successfully reloaded assembly
- Completed reload, in  0.981 seconds
Platform modules already initialized, skipping
Refreshing native plugins compatible for Editor in 0.32 ms, found 0 plugins.
Preloading 0 native plugins for Editor in 0.00 ms.
Unloading 1090 Unused Serialized files (Serialized files now loaded: 0)
System memory in use before: 58.8 MB.
System memory in use after: 58.9 MB.

Unloading 5 unused Assets to reduce memory usage. Loaded Objects now: 1561.
Total: 2.415700 ms (FindLiveObjects: 0.212700 ms CreateObjectMapping: 0.090300 ms MarkObjects: 2.048800 ms  DeleteObjects: 0.062400 ms)

========================================================================
Received Prepare
Registering precompiled user dll's ...
Registered in 0.000732 seconds.
Begin MonoManager ReloadAssembly
Native extension for WindowsStandalone target not found
Refreshing native plugins compatible for Editor in 0.25 ms, found 0 plugins.
Preloading 0 native plugins for Editor in 0.00 ms.
Invoked RoslynAnalysisRunner static constructor.
RoslynAnalysisRunner will not be running.
RoslynAnalysisRunner has terminated.
Mono: successfully reloaded assembly
- Completed reload, in  1.082 seconds
Platform modules already initialized, skipping
Refreshing native plugins compatible for Editor in 0.49 ms, found 0 plugins.
Preloading 0 native plugins for Editor in 0.00 ms.
Unloading 1090 Unused Serialized files (Serialized files now loaded: 0)
System memory in use before: 59.1 MB.
System memory in use after: 59.1 MB.

Unloading 5 unused Assets to reduce memory usage. Loaded Objects now: 1563.
Total: 3.183300 ms (FindLiveObjects: 0.361200 ms CreateObjectMapping: 0.155100 ms MarkObjects: 2.581800 ms  DeleteObjects: 0.083000 ms)

========================================================================
Received Import Request.
  Time since last request: 4889.438383 seconds.
  path: Assets/Scenes/Exercício1.scenetemplate
  artifactKey: Guid(9d0e1d60a7a6acd49abe841db9da9a7f) Importer(815301076,1909f56bfc062723c751e8b465ee728b)
Start importing Assets/Scenes/Exercício1.scenetemplate using Guid(9d0e1d60a7a6acd49abe841db9da9a7f) Importer(815301076,1909f56bfc062723c751e8b465ee728b)  -> (artifact id: 'd91c080ebcc1927ae3500a86aa5657c1') in 2.383535 seconds
  Import took 2.452248 seconds .

========================================================================
Received Import Request.
  Time since last request: 323.807581 seconds.
  path: Assets/Scenes/Exercício3.unity
  artifactKey: Guid(3212ed1e8c228184bb7d819a657d43e2) Importer(815301076,1909f56bfc062723c751e8b465ee728b)
Start importing Assets/Scenes/Exercício3.unity using Guid(3212ed1e8c228184bb7d819a657d43e2) Importer(815301076,1909f56bfc062723c751e8b465ee728b)  -> (artifact id: '473e64a047a287c196c9c63eaf86c5eb') in 0.116305 seconds
  Import took 0.174886 seconds .

========================================================================
Received Import Request.
  Time since last request: 3.688568 seconds.
  path: Assets/Scenes/Exercício2.unity
  artifactKey: Guid(2ffd3567b6158284aa4a36514e6f83da) Importer(815301076,1909f56bfc062723c751e8b465ee728b)
Start importing Assets/Scenes/Exercício2.unity using Guid(2ffd3567b6158284aa4a36514e6f83da) Importer(815301076,1909f56bfc062723c751e8b465ee728b)  -> (artifact id: '88b3fc2a4a938249bc905a0a2db1c7b6') in 0.025605 seconds
  Import took 0.039937 seconds .

========================================================================
Received Import Request.
  Time since last request: 56.648240 seconds.
  path: Assets/Scenes/Exercício4.unity
  artifactKey: Guid(16d14a14de961db4982911ebf5c9993c) Importer(815301076,1909f56bfc062723c751e8b465ee728b)
Start importing Assets/Scenes/Exercício4.unity using Guid(16d14a14de961db4982911ebf5c9993c) Importer(815301076,1909f56bfc062723c751e8b465ee728b)  -> (artifact id: '9ae636b7f4ff558f2f7bc726f7f4e70e') in 0.041145 seconds
  Import took 0.081172 seconds .

========================================================================
Received Import Request.
  Time since last request: 151.888204 seconds.
  path: Assets/Script/LookAt.cs
  artifactKey: Guid(aa1cefe3afde72144be2fe24c280241b) Importer(815301076,1909f56bfc062723c751e8b465ee728b)
Start importing Assets/Script/LookAt.cs using Guid(aa1cefe3afde72144be2fe24c280241b) Importer(815301076,1909f56bfc062723c751e8b465ee728b)  -> (artifact id: '4ff14d657e96872267df0ecab8cfe910') in 0.010621 seconds
  Import took 0.014576 seconds .

========================================================================
Received Import Request.
  Time since last request: 0.022455 seconds.
  path: Assets/Script/LookAt.cs
  artifactKey: Guid(aa1cefe3afde72144be2fe24c280241b) Importer(815301076,1909f56bfc062723c751e8b465ee728b)
Start importing Assets/Script/LookAt.cs using Guid(aa1cefe3afde72144be2fe24c280241b) Importer(815301076,1909f56bfc062723c751e8b465ee728b)  -> (artifact id: '4ff14d657e96872267df0ecab8cfe910') in 0.012100 seconds
  Import took 0.015585 seconds .

========================================================================
Received Prepare
Registering precompiled user dll's ...
Registered in 0.000783 seconds.
Begin MonoManager ReloadAssembly
Native extension for WindowsStandalone target not found
Refreshing native plugins compatible for Editor in 0.35 ms, found 0 plugins.
Preloading 0 native plugins for Editor in 0.00 ms.
Invoked RoslynAnalysisRunner static constructor.
RoslynAnalysisRunner will not be running.
RoslynAnalysisRunner has terminated.
Mono: successfully reloaded assembly
- Completed reload, in  1.412 seconds
Platform modules already initialized, skipping
Refreshing native plugins compatible for Editor in 0.26 ms, found 0 plugins.
Preloading 0 native plugins for Editor in 0.00 ms.
Unloading 1091 Unused Serialized files (Serialized files now loaded: 0)
System memory in use before: 59.7 MB.
System memory in use after: 59.8 MB.

Unloading 5 unused Assets to reduce memory usage. Loaded Objects now: 1567.
Total: 2.277800 ms (FindLiveObjects: 0.163700 ms CreateObjectMapping: 0.042700 ms MarkObjects: 2.012400 ms  DeleteObjects: 0.057300 ms)

========================================================================
Received Prepare
Registering precompiled user dll's ...
Registered in 0.001073 seconds.
Begin MonoManager ReloadAssembly
Native extension for WindowsStandalone target not found
Refreshing native plugins compatible for Editor in 0.26 ms, found 0 plugins.
Preloading 0 native plugins for Editor in 0.00 ms.
Invoked RoslynAnalysisRunner static constructor.
RoslynAnalysisRunner will not be running.
RoslynAnalysisRunner has terminated.
Mono: successfully reloaded assembly
- Completed reload, in  0.903 seconds
Platform modules already initialized, skipping
Refreshing native plugins compatible for Editor in 0.44 ms, found 0 plugins.
Preloading 0 native plugins for Editor in 0.00 ms.
Unloading 1091 Unused Serialized files (Serialized files now loaded: 0)
System memory in use before: 59.0 MB.
System memory in use after: 59.0 MB.

Unloading 5 unused Assets to reduce memory usage. Loaded Objects now: 1569.
Total: 2.598600 ms (FindLiveObjects: 0.203100 ms CreateObjectMapping: 0.096000 ms MarkObjects: 2.237400 ms  DeleteObjects: 0.060300 ms)

========================================================================
Received Import Request.
  Time since last request: 211.563563 seconds.
  path: Assets/Script/LookAt.cs
  artifactKey: Guid(aa1cefe3afde72144be2fe24c280241b) Importer(815301076,1909f56bfc062723c751e8b465ee728b)
Start importing Assets/Script/LookAt.cs using Guid(aa1cefe3afde72144be2fe24c280241b) Importer(815301076,1909f56bfc062723c751e8b465ee728b)  -> (artifact id: 'f902164185654e75922db3432a7ee101') in 0.008238 seconds
  Import took 0.069045 seconds .

========================================================================
Received Prepare
Registering precompiled user dll's ...
Registered in 0.001014 seconds.
Begin MonoManager ReloadAssembly
Native extension for WindowsStandalone target not found
Refreshing native plugins compatible for Editor in 0.26 ms, found 0 plugins.
Preloading 0 native plugins for Editor in 0.00 ms.
Invoked RoslynAnalysisRunner static constructor.
RoslynAnalysisRunner will not be running.
RoslynAnalysisRunner has terminated.
Mono: successfully reloaded assembly
- Completed reload, in  1.153 seconds
Platform modules already initialized, skipping
Refreshing native plugins compatible for Editor in 0.40 ms, found 0 plugins.
Preloading 0 native plugins for Editor in 0.00 ms.
Unloading 1091 Unused Serialized files (Serialized files now loaded: 0)
System memory in use before: 59.3 MB.
System memory in use after: 59.3 MB.

Unloading 5 unused Assets to reduce memory usage. Loaded Objects now: 1571.
Total: 2.278400 ms (FindLiveObjects: 0.263200 ms CreateObjectMapping: 0.147900 ms MarkObjects: 1.794200 ms  DeleteObjects: 0.071000 ms)

========================================================================
Received Prepare
Registering precompiled user dll's ...
Registered in 0.001055 seconds.
Begin MonoManager ReloadAssembly
Native extension for WindowsStandalone target not found
Refreshing native plugins compatible for Editor in 0.28 ms, found 0 plugins.
Preloading 0 native plugins for Editor in 0.00 ms.
Invoked RoslynAnalysisRunner static constructor.
RoslynAnalysisRunner will not be running.
RoslynAnalysisRunner has terminated.
Mono: successfully reloaded assembly
- Completed reload, in  1.192 seconds
Platform modules already initialized, skipping
Refreshing native plugins compatible for Editor in 0.48 ms, found 0 plugins.
Preloading 0 native plugins for Editor in 0.00 ms.
Unloading 1091 Unused Serialized files (Serialized files now loaded: 0)
System memory in use before: 59.5 MB.
System memory in use after: 59.6 MB.

Unloading 5 unused Assets to reduce memory usage. Loaded Objects now: 1573.
Total: 3.780400 ms (FindLiveObjects: 0.417200 ms CreateObjectMapping: 0.177900 ms MarkObjects: 3.099600 ms  DeleteObjects: 0.082800 ms)

========================================================================
Received Import Request.
  Time since last request: 660.173173 seconds.
  path: Assets/Script/Follow.cs
  artifactKey: Guid(e8f5224030da8734baed1b576b58af0b) Importer(815301076,1909f56bfc062723c751e8b465ee728b)
Start importing Assets/Script/Follow.cs using Guid(e8f5224030da8734baed1b576b58af0b) Importer(815301076,1909f56bfc062723c751e8b465ee728b)  -> (artifact id: '8ea01a6207a3fa08d4a5363ca64ec21c') in 0.237852 seconds
  Import took 0.400053 seconds .

========================================================================
Received Prepare
Registering precompiled user dll's ...
Registered in 0.001157 seconds.
Begin MonoManager ReloadAssembly
Native extension for WindowsStandalone target not found
Refreshing native plugins compatible for Editor in 4.08 ms, found 0 plugins.
Preloading 0 native plugins for Editor in 0.00 ms.
Invoked RoslynAnalysisRunner static constructor.
RoslynAnalysisRunner will not be running.
RoslynAnalysisRunner has terminated.
Mono: successfully reloaded assembly
- Completed reload, in  3.555 seconds
Platform modules already initialized, skipping
Refreshing native plugins compatible for Editor in 6.85 ms, found 0 plugins.
Preloading 0 native plugins for Editor in 0.00 ms.
Unloading 1092 Unused Serialized files (Serialized files now loaded: 0)
System memory in use before: 59.7 MB.
System memory in use after: 59.8 MB.

Unloading 5 unused Assets to reduce memory usage. Loaded Objects now: 1576.
Total: 25.424800 ms (FindLiveObjects: 0.713800 ms CreateObjectMapping: 0.863900 ms MarkObjects: 19.051200 ms  DeleteObjects: 4.791400 ms)

========================================================================
Received Prepare
Registering precompiled user dll's ...
Registered in 0.000948 seconds.
Begin MonoManager ReloadAssembly
Native extension for WindowsStandalone target not found
Refreshing native plugins compatible for Editor in 0.26 ms, found 0 plugins.
Preloading 0 native plugins for Editor in 0.00 ms.
Invoked RoslynAnalysisRunner static constructor.
RoslynAnalysisRunner will not be running.
RoslynAnalysisRunner has terminated.
Mono: successfully reloaded assembly
- Completed reload, in  0.855 seconds
Platform modules already initialized, skipping
Refreshing native plugins compatible for Editor in 0.35 ms, found 0 plugins.
Preloading 0 native plugins for Editor in 0.00 ms.
Unloading 1092 Unused Serialized files (Serialized files now loaded: 0)
System memory in use before: 59.8 MB.
System memory in use after: 59.8 MB.

Unloading 5 unused Assets to reduce memory usage. Loaded Objects now: 1578.
Total: 2.446600 ms (FindLiveObjects: 0.209700 ms CreateObjectMapping: 0.093000 ms MarkObjects: 2.082800 ms  DeleteObjects: 0.059600 ms)

========================================================================
Received Import Request.
  Time since last request: 66.448988 seconds.
  path: Assets/Script/Follow.cs
  artifactKey: Guid(e8f5224030da8734baed1b576b58af0b) Importer(815301076,1909f56bfc062723c751e8b465ee728b)
Start importing Assets/Script/Follow.cs using Guid(e8f5224030da8734baed1b576b58af0b) Importer(815301076,1909f56bfc062723c751e8b465ee728b)  -> (artifact id: 'f214d3ff20cd738765c0e8b13e91eb35') in 0.007931 seconds
  Import took 0.021484 seconds .

========================================================================
Received Prepare
Registering precompiled user dll's ...
Registered in 0.001112 seconds.
Begin MonoManager ReloadAssembly
Native extension for WindowsStandalone target not found
Refreshing native plugins compatible for Editor in 0.37 ms, found 0 plugins.
Preloading 0 native plugins for Editor in 0.00 ms.
Invoked RoslynAnalysisRunner static constructor.
RoslynAnalysisRunner will not be running.
RoslynAnalysisRunner has terminated.
Mono: successfully reloaded assembly
- Completed reload, in  1.105 seconds
Platform modules already initialized, skipping
Refreshing native plugins compatible for Editor in 0.26 ms, found 0 plugins.
Preloading 0 native plugins for Editor in 0.00 ms.
Unloading 1092 Unused Serialized files (Serialized files now loaded: 0)
System memory in use before: 59.2 MB.
System memory in use after: 59.3 MB.

Unloading 5 unused Assets to reduce memory usage. Loaded Objects now: 1580.
Total: 4.788600 ms (FindLiveObjects: 0.374800 ms CreateObjectMapping: 0.109100 ms MarkObjects: 4.200100 ms  DeleteObjects: 0.101900 ms)

========================================================================
Received Import Request.
  Time since last request: 399.290817 seconds.
  path: Assets/Script/Character.cs
  artifactKey: Guid(af2a695b075f41c4a8e62544832936f1) Importer(815301076,1909f56bfc062723c751e8b465ee728b)
Start importing Assets/Script/Character.cs using Guid(af2a695b075f41c4a8e62544832936f1) Importer(815301076,1909f56bfc062723c751e8b465ee728b)  -> (artifact id: '21416accabb9cd690ab8f4acfc0c8650') in 0.013857 seconds
  Import took 0.063729 seconds .

========================================================================
Received Import Request.
  Time since last request: 0.028331 seconds.
  path: Assets/Script/Character.cs
  artifactKey: Guid(af2a695b075f41c4a8e62544832936f1) Importer(815301076,1909f56bfc062723c751e8b465ee728b)
Start importing Assets/Script/Character.cs using Guid(af2a695b075f41c4a8e62544832936f1) Importer(815301076,1909f56bfc062723c751e8b465ee728b)  -> (artifact id: '21416accabb9cd690ab8f4acfc0c8650') in 0.008250 seconds
  Import took 0.011431 seconds .

========================================================================
Received Prepare
Registering precompiled user dll's ...
Registered in 0.000820 seconds.
Begin MonoManager ReloadAssembly
Native extension for WindowsStandalone target not found
Refreshing native plugins compatible for Editor in 0.44 ms, found 0 plugins.
Preloading 0 native plugins for Editor in 0.00 ms.
Invoked RoslynAnalysisRunner static constructor.
RoslynAnalysisRunner will not be running.
RoslynAnalysisRunner has terminated.
Mono: successfully reloaded assembly
- Completed reload, in  0.920 seconds
Platform modules already initialized, skipping
Refreshing native plugins compatible for Editor in 0.32 ms, found 0 plugins.
Preloading 0 native plugins for Editor in 0.00 ms.
Unloading 1092 Unused Serialized files (Serialized files now loaded: 0)
System memory in use before: 59.5 MB.
System memory in use after: 59.5 MB.

Unloading 5 unused Assets to reduce memory usage. Loaded Objects now: 1582.
Total: 3.357300 ms (FindLiveObjects: 0.478600 ms CreateObjectMapping: 0.169000 ms MarkObjects: 2.625200 ms  DeleteObjects: 0.081300 ms)

========================================================================
Received Import Request.
  Time since last request: 50.852324 seconds.
  path: Assets/Script/Character.cs
  artifactKey: Guid(af2a695b075f41c4a8e62544832936f1) Importer(815301076,1909f56bfc062723c751e8b465ee728b)
Start importing Assets/Script/Character.cs using Guid(af2a695b075f41c4a8e62544832936f1) Importer(815301076,1909f56bfc062723c751e8b465ee728b)  -> (artifact id: '96c939c7252583464fc200894e659773') in 0.008403 seconds
  Import took 0.058882 seconds .

========================================================================
Received Import Request.
  Time since last request: 77.081390 seconds.
  path: Assets/Scenes/Exercício3.unity
  artifactKey: Guid(3212ed1e8c228184bb7d819a657d43e2) Importer(815301076,1909f56bfc062723c751e8b465ee728b)
Start importing Assets/Scenes/Exercício3.unity using Guid(3212ed1e8c228184bb7d819a657d43e2) Importer(815301076,1909f56bfc062723c751e8b465ee728b)  -> (artifact id: 'd4260646dcff3b8acb4c4907115081dc') in 0.051333 seconds
  Import took 0.088033 seconds .

========================================================================
Received Import Request.
  Time since last request: 10.797935 seconds.
  path: Assets/Materials/Grid2Ex4.mat
  artifactKey: Guid(dc8ade5fcb44093429d776ca66c61d7c) Importer(815301076,1909f56bfc062723c751e8b465ee728b)
Start importing Assets/Materials/Grid2Ex4.mat using Guid(dc8ade5fcb44093429d776ca66c61d7c) Importer(815301076,1909f56bfc062723c751e8b465ee728b)  -> (artifact id: 'e4256b03850c0171cf19e48981442755') in 2.263680 seconds
  Import took 2.295888 seconds .

========================================================================
Received Import Request.
  Time since last request: 731.049674 seconds.
  path: Assets/Animation/Cube.controller
  artifactKey: Guid(6fddf1ac69918304f9cd6db9e5255105) Importer(815301076,1909f56bfc062723c751e8b465ee728b)
Start importing Assets/Animation/Cube.controller using Guid(6fddf1ac69918304f9cd6db9e5255105) Importer(815301076,1909f56bfc062723c751e8b465ee728b)  -> (artifact id: '3a4ec08df87c7bfd2018a547516250d2') in 0.153575 seconds
  Import took 0.182462 seconds .

========================================================================
Received Import Request.
  Time since last request: 12.355481 seconds.
  path: Assets/Animation/cUBE.anim
  artifactKey: Guid(b8cea5835ed249648b700850454d9e28) Importer(815301076,1909f56bfc062723c751e8b465ee728b)
Start importing Assets/Animation/cUBE.anim using Guid(b8cea5835ed249648b700850454d9e28) Importer(815301076,1909f56bfc062723c751e8b465ee728b)  -> (artifact id: 'b6c3c89baf084e893eee7f25fd37ccf7') in 0.122898 seconds
  Import took 0.125461 seconds .

========================================================================
Received Import Request.
  Time since last request: 0.044776 seconds.
  path: Assets/Animation/cUBE.anim
  artifactKey: Guid(b8cea5835ed249648b700850454d9e28) Importer(815301076,1909f56bfc062723c751e8b465ee728b)
Start importing Assets/Animation/cUBE.anim using Guid(b8cea5835ed249648b700850454d9e28) Importer(815301076,1909f56bfc062723c751e8b465ee728b)  -> (artifact id: 'b6c3c89baf084e893eee7f25fd37ccf7') in 0.011385 seconds
  Import took 0.025279 seconds .

========================================================================
Received Prepare
Registering precompiled user dll's ...
Registered in 0.000784 seconds.
Begin MonoManager ReloadAssembly
Native extension for WindowsStandalone target not found
Refreshing native plugins compatible for Editor in 0.42 ms, found 0 plugins.
Preloading 0 native plugins for Editor in 0.00 ms.
Invoked RoslynAnalysisRunner static constructor.
RoslynAnalysisRunner will not be running.
RoslynAnalysisRunner has terminated.
Mono: successfully reloaded assembly
- Completed reload, in  1.210 seconds
Platform modules already initialized, skipping
Refreshing native plugins compatible for Editor in 2.93 ms, found 0 plugins.
Preloading 0 native plugins for Editor in 0.00 ms.
Unloading 1092 Unused Serialized files (Serialized files now loaded: 0)
System memory in use before: 63.0 MB.
System memory in use after: 63.1 MB.

Unloading 5 unused Assets to reduce memory usage. Loaded Objects now: 1624.
Total: 15.473500 ms (FindLiveObjects: 0.728800 ms CreateObjectMapping: 1.065800 ms MarkObjects: 13.359500 ms  DeleteObjects: 0.308900 ms)

========================================================================
Received Import Request.
  Time since last request: 27.517219 seconds.
  path: Assets/Animation/Cube.anim
  artifactKey: Guid(b8cea5835ed249648b700850454d9e28) Importer(815301076,1909f56bfc062723c751e8b465ee728b)
Start importing Assets/Animation/Cube.anim using Guid(b8cea5835ed249648b700850454d9e28) Importer(815301076,1909f56bfc062723c751e8b465ee728b)  -> (artifact id: '7d9f3d93762bb0aa5c4faa0aa0091912') in 0.110589 seconds
  Import took 0.142427 seconds .

========================================================================
Received Prepare
Registering precompiled user dll's ...
Registered in 0.000764 seconds.
Begin MonoManager ReloadAssembly
Native extension for WindowsStandalone target not found
Refreshing native plugins compatible for Editor in 0.30 ms, found 0 plugins.
Preloading 0 native plugins for Editor in 0.00 ms.
Invoked RoslynAnalysisRunner static constructor.
RoslynAnalysisRunner will not be running.
RoslynAnalysisRunner has terminated.
Mono: successfully reloaded assembly
- Completed reload, in  1.274 seconds
Platform modules already initialized, skipping
Refreshing native plugins compatible for Editor in 2.96 ms, found 0 plugins.
Preloading 0 native plugins for Editor in 0.00 ms.
Unloading 1092 Unused Serialized files (Serialized files now loaded: 0)
System memory in use before: 63.1 MB.
System memory in use after: 63.2 MB.

Unloading 5 unused Assets to reduce memory usage. Loaded Objects now: 1626.
Total: 3.824600 ms (FindLiveObjects: 0.498200 ms CreateObjectMapping: 0.210900 ms MarkObjects: 3.011900 ms  DeleteObjects: 0.100100 ms)

========================================================================
Received Import Request.
  Time since last request: 143.887001 seconds.
  path: Assets/Materials/Grid2Ex3.mat
  artifactKey: Guid(0ee4f872a8489274ab5849f760618fb4) Importer(815301076,1909f56bfc062723c751e8b465ee728b)
Start importing Assets/Materials/Grid2Ex3.mat using Guid(0ee4f872a8489274ab5849f760618fb4) Importer(815301076,1909f56bfc062723c751e8b465ee728b)  -> (artifact id: '859565d78b850574218bfea909bd2002') in 0.150242 seconds
  Import took 0.191823 seconds .

========================================================================
Received Prepare
Registering precompiled user dll's ...
Registered in 0.000801 seconds.
Begin MonoManager ReloadAssembly
Native extension for WindowsStandalone target not found
Refreshing native plugins compatible for Editor in 0.44 ms, found 0 plugins.
Preloading 0 native plugins for Editor in 0.00 ms.
Invoked RoslynAnalysisRunner static constructor.
RoslynAnalysisRunner will not be running.
RoslynAnalysisRunner has terminated.
Mono: successfully reloaded assembly
- Completed reload, in  1.128 seconds
Platform modules already initialized, skipping
Refreshing native plugins compatible for Editor in 0.27 ms, found 0 plugins.
Preloading 0 native plugins for Editor in 0.00 ms.
Unloading 1092 Unused Serialized files (Serialized files now loaded: 0)
System memory in use before: 62.5 MB.
System memory in use after: 62.6 MB.

Unloading 5 unused Assets to reduce memory usage. Loaded Objects now: 1629.
Total: 3.969000 ms (FindLiveObjects: 0.375900 ms CreateObjectMapping: 0.156900 ms MarkObjects: 3.288100 ms  DeleteObjects: 0.143900 ms)

========================================================================
Received Import Request.
  Time since last request: 254.375704 seconds.
  path: Assets/Materials/Grid1Ex2.mat
  artifactKey: Guid(7adbd79210b8b6447ba6dff944e94030) Importer(815301076,1909f56bfc062723c751e8b465ee728b)
Start importing Assets/Materials/Grid1Ex2.mat using Guid(7adbd79210b8b6447ba6dff944e94030) Importer(815301076,1909f56bfc062723c751e8b465ee728b)  -> (artifact id: '267398d947fea2d2ced7b808be691253') in 1.056694 seconds
  Import took 1.142573 seconds .

========================================================================
Received Prepare
Trying to reload asset but can't find object on disk

Trying to reload asset but can't find object on disk

Trying to reload asset but can't find object on disk

Trying to reload asset but can't find object on disk

Trying to reload asset but can't find object on disk

Trying to reload asset but can't find object on disk

Trying to reload asset but can't find object on disk

Trying to reload asset but can't find object on disk

Trying to reload asset but can't find object on disk

Trying to reload asset but can't find object on disk

Trying to reload asset but can't find object on disk

Trying to reload asset but can't find object on disk

Trying to reload asset but can't find object on disk

Trying to reload asset but can't find object on disk

Trying to reload asset but can't find object on disk

Trying to reload asset but can't find object on disk

Trying to reload asset but can't find object on disk

Trying to reload asset but can't find object on disk

Registering precompiled user dll's ...
Registered in 0.049367 seconds.
Begin MonoManager ReloadAssembly
Native extension for WindowsStandalone target not found
Refreshing native plugins compatible for Editor in 0.85 ms, found 0 plugins.
Preloading 0 native plugins for Editor in 0.00 ms.
Invoked RoslynAnalysisRunner static constructor.
RoslynAnalysisRunner will not be running.
RoslynAnalysisRunner has terminated.
Mono: successfully reloaded assembly
- Completed reload, in 31.749 seconds
Platform modules already initialized, skipping
Refreshing native plugins compatible for Editor in 0.25 ms, found 0 plugins.
Preloading 0 native plugins for Editor in 0.00 ms.
Unloading 1089 Unused Serialized files (Serialized files now loaded: 0)
System memory in use before: 62.8 MB.
System memory in use after: 62.9 MB.

Unloading 8 unused Assets to reduce memory usage. Loaded Objects now: 1629.
Total: 46.763500 ms (FindLiveObjects: 0.168400 ms CreateObjectMapping: 0.044200 ms MarkObjects: 46.482600 ms  DeleteObjects: 0.066300 ms)

